<?xml version="1.0" encoding="UTF-8"?>
<testsuite name="com.marklogic.aws.hackaton.HelloTest" tests="1" skipped="0" failures="0" errors="0" timestamp="2020-05-20T14:54:21" hostname="MacPro-4672" time="13.714">
  <properties/>
  <testcase name="readDocumentFromMl()" classname="com.marklogic.aws.hackaton.HelloTest" time="13.714"/>
  <system-out><![CDATA[]]></system-out>
  <system-err><![CDATA[]]></system-err>
</testsuite>
